  Game.cpp
E:\cs\C++\WM9M2\ASS\git\WM9M2\ComputerGraphic\adapter.h(42,34): warning C4018: “>”: 有符号/无符号不匹配
  (编译源文件“Game.cpp”)
  
E:\cs\C++\WM9M2\ASS\git\WM9M2\ComputerGraphic\ShaderReflection.h(46,26): warning C4101: “data”: 未引用的局部变量
  (编译源文件“Game.cpp”)
  
E:\cs\C++\WM9M2\ASS\git\WM9M2\ComputerGraphic\ShaderReflection.h(99,21): warning C4018: “<”: 有符号/无符号不匹配
  (编译源文件“Game.cpp”)
  
E:\cs\C++\WM9M2\ASS\git\WM9M2\ComputerGraphic\ShaderReflection.h(107,22): warning C4018: “<”: 有符号/无符号不匹配
  (编译源文件“Game.cpp”)
  
E:\cs\C++\WM9M2\ASS\git\WM9M2\ComputerGraphic\ShaderReflection.h(121,21): warning C4018: “<”: 有符号/无符号不匹配
  (编译源文件“Game.cpp”)
  
E:\cs\C++\WM9M2\ASS\git\WM9M2\ComputerGraphic\Mathematic.h(10,9): warning C4005: “max”: 宏重定义
  (编译源文件“Game.cpp”)
      C:\Program Files (x86)\Windows Kits\10\Include\10.0.22621.0\shared\minwindef.h(193,9):
      参见“max”的前一个定义
  
E:\cs\C++\WM9M2\ASS\git\WM9M2\ComputerGraphic\Mathematic.h(11,9): warning C4005: “min”: 宏重定义
  (编译源文件“Game.cpp”)
      C:\Program Files (x86)\Windows Kits\10\Include\10.0.22621.0\shared\minwindef.h(197,9):
      参见“min”的前一个定义
  
E:\cs\C++\WM9M2\ASS\git\WM9M2\ComputerGraphic\Mathematic.h(480,14): warning C4244: “=”: 从“double”转换到“float”，可能丢失数据
  (编译源文件“Game.cpp”)
  
E:\cs\C++\WM9M2\ASS\git\WM9M2\ComputerGraphic\mesh.h(61,87): warning C4267: “参数”: 从“size_t”转换到“int”，可能丢失数据
  (编译源文件“Game.cpp”)
  
E:\cs\C++\WM9M2\ASS\git\WM9M2\ComputerGraphic\mesh.h(61,58): warning C4267: “参数”: 从“size_t”转换到“int”，可能丢失数据
  (编译源文件“Game.cpp”)
  
E:\cs\C++\WM9M2\ASS\git\WM9M2\ComputerGraphic\mesh.h(66,89): warning C4267: “参数”: 从“size_t”转换到“int”，可能丢失数据
  (编译源文件“Game.cpp”)
  
E:\cs\C++\WM9M2\ASS\git\WM9M2\ComputerGraphic\mesh.h(66,60): warning C4267: “参数”: 从“size_t”转换到“int”，可能丢失数据
  (编译源文件“Game.cpp”)
  
E:\cs\C++\WM9M2\ASS\git\WM9M2\ComputerGraphic\anime.h(53,11): warning C4267: “=”: 从“size_t”转换到“int”，可能丢失数据
  (编译源文件“Game.cpp”)
  
E:\cs\C++\WM9M2\ASS\git\WM9M2\ComputerGraphic\anime.h(59,10): warning C4267: “return”: 从“size_t”转换到“int”，可能丢失数据
  (编译源文件“Game.cpp”)
  
E:\cs\C++\WM9M2\ASS\git\WM9M2\ComputerGraphic\anime.h(89,16): warning C4267: “初始化”: 从“size_t”转换到“int”，可能丢失数据
  (编译源文件“Game.cpp”)
  
E:\cs\C++\WM9M2\ASS\git\WM9M2\ComputerGraphic\Game.cpp(56,44): warning C4305: “参数”: 从“double”到“float”截断
E:\cs\C++\WM9M2\ASS\git\WM9M2\ComputerGraphic\Game.cpp(56,38): warning C4305: “参数”: 从“double”到“float”截断
E:\cs\C++\WM9M2\ASS\git\WM9M2\ComputerGraphic\Game.cpp(56,32): warning C4305: “参数”: 从“double”到“float”截断
  Vertex.cpp
E:\cs\C++\WM9M2\ASS\git\WM9M2\ComputerGraphic\Mathematic.h(13,9): warning C4005: “M_PI”: 宏重定义
  (编译源文件“Vertex.cpp”)
      C:\Program Files (x86)\Windows Kits\10\Include\10.0.22621.0\ucrt\corecrt_math_defines.h(28,9):
      参见“M_PI”的前一个定义
  
E:\cs\C++\WM9M2\ASS\git\WM9M2\ComputerGraphic\Mathematic.h(480,14): warning C4244: “=”: 从“double”转换到“float”，可能丢失数据
  (编译源文件“Vertex.cpp”)
  
  Windows.cpp
  正在生成代码...
    正在创建库 E:\cs\C++\WM9M2\ASS\git\WM9M2\x64\Debug\ComputerGraphic.lib 和对象 E:\cs\C++\WM9M2\ASS\git\WM9M2\x64\Debug\ComputerGraphic.exp
  ComputerGraphic.vcxproj -> E:\cs\C++\WM9M2\ASS\git\WM9M2\x64\Debug\ComputerGraphic.exe
